<?xml version="1.0" encoding="UTF-8"?>
<!-- Generated by org.testng.reporters.JUnitReportReporter -->
<testsuite hostname="DESKTOP-BGAP141" name="com.superadventure.HomePage" tests="1" failures="0" timestamp="4 Feb 2018 22:22:47 GMT" time="13.881" errors="0">
  <testcase name="LaunchBrowser" time="13.881" classname="com.superadventure.HomePage"/>
</testsuite> <!-- com.superadventure.HomePage -->
