<?xml version="1.0" encoding="UTF-8"?>
<!-- Generated by org.testng.reporters.JUnitReportReporter -->
<testsuite hostname="DESKTOP-BGAP141" name="com.superadventure.HomePageTest" tests="2" failures="0" timestamp="6 Feb 2018 21:21:47 GMT" time="2.952" errors="0">
  <testcase name="visibilityOfNavigationBarRight" time="0.061" classname="com.superadventure.HomePageTest"/>
  <testcase name="clickOnLogin" time="2.891" classname="com.superadventure.HomePageTest"/>
</testsuite> <!-- com.superadventure.HomePageTest -->
