<?xml version="1.0" encoding="UTF-8"?>
<!-- Generated by org.testng.reporters.JUnitReportReporter -->
<testsuite hostname="DESKTOP-BGAP141" name="com.superadventure.LoginPageTest" tests="2" failures="0" timestamp="6 Feb 2018 21:14:46 GMT" time="14.279" errors="0">
  <testcase name="userCredentials" time="8.476" classname="com.superadventure.LoginPageTest"/>
  <testcase name="userCredentials" time="5.803" classname="com.superadventure.LoginPageTest"/>
</testsuite> <!-- com.superadventure.LoginPageTest -->
